<?xml version="1.0" encoding="UTF-8"?>
<testng-results ignored="0" total="1" passed="1" failed="0" skipped="0">
  <reporter-output>
  </reporter-output>
  <suite started-at="2025-11-23T13:25:53 IST" name="SeleniumFrameworkSuite" finished-at="2025-11-23T13:25:59 IST" duration-ms="6194">
    <groups>
    </groups>
    <test started-at="2025-11-23T13:25:53 IST" name="SampleTests" finished-at="2025-11-23T13:25:59 IST" duration-ms="6194">
      <class name="Project_name.SeleniumFrameworkDesign.StandAloneTest$SanityTest">
        <test-method signature="sampleTest()[pri:0, instance:Project_name.SeleniumFrameworkDesign.StandAloneTest$SanityTest@222114ba]" started-at="2025-11-23T13:25:53 IST" name="sampleTest" finished-at="2025-11-23T13:25:59 IST" duration-ms="6157" status="PASS">
          <reporter-output>
          </reporter-output>
        </test-method> <!-- sampleTest -->
      </class> <!-- Project_name.SeleniumFrameworkDesign.StandAloneTest$SanityTest -->
    </test> <!-- SampleTests -->
  </suite> <!-- SeleniumFrameworkSuite -->
</testng-results>
