<?xml version="1.0" encoding="UTF-8"?>
<testng-results ignored="0" total="1" passed="1" failed="0" skipped="0">
  <reporter-output>
  </reporter-output>
  <suite started-at="2025-11-22T23:53:09 IST" name="Default suite" finished-at="2025-11-22T23:53:09 IST" duration-ms="101">
    <groups>
    </groups>
    <test started-at="2025-11-22T23:53:09 IST" name="Default test" finished-at="2025-11-22T23:53:09 IST" duration-ms="101">
      <class name="Project_name.SeleniumFrameworkDesign.StandAloneTest$SanityTest">
        <test-method signature="sampleTest()[pri:0, instance:Project_name.SeleniumFrameworkDesign.StandAloneTest$SanityTest@1700915]" started-at="2025-11-22T23:53:09 IST" name="sampleTest" finished-at="2025-11-22T23:53:09 IST" duration-ms="20" status="PASS">
          <reporter-output>
          </reporter-output>
        </test-method> <!-- sampleTest -->
      </class> <!-- Project_name.SeleniumFrameworkDesign.StandAloneTest$SanityTest -->
    </test> <!-- Default test -->
  </suite> <!-- Default suite -->
</testng-results>
