<?xml version="1.0" encoding="UTF-8"?>
<!-- Generated by org.testng.reporters.JUnitReportReporter -->
<testsuite hostname="DVCI6116928" failures="0" tests="1" name="Project_name.SeleniumFrameworkDesign.StandAloneTest$SanityTest" time="0.020" errors="0" timestamp="2025-11-22T23:53:09 IST" skipped="0">
  <testcase classname="Project_name.SeleniumFrameworkDesign.StandAloneTest$SanityTest" name="sampleTest" time="0.020"/>
</testsuite> <!-- Project_name.SeleniumFrameworkDesign.StandAloneTest$SanityTest -->
